Arguments: 
  /usr/bin/node /usr/share/yarn/bin/yarn.js add @node.js --latest

PATH: 
  /sbin:/bin:/usr/bin:/usr/local/bin:/snap/bin

Yarn version: 
  1.19.1

Node version: 
  8.10.0

Platform: 
  linux x64

Trace: 
  Error: https://registry.yarnpkg.com/@node.js: Request "https://registry.yarnpkg.com/@node.js" returned a 405
      at Request.params.callback [as _callback] (/usr/share/yarn/lib/cli.js:66935:18)
      at Request.self.callback (/usr/share/yarn/lib/cli.js:140564:22)
      at emitTwo (events.js:126:13)
      at Request.emit (events.js:214:7)
      at Request.<anonymous> (/usr/share/yarn/lib/cli.js:141536:10)
      at emitOne (events.js:116:13)
      at Request.emit (events.js:211:7)
      at IncomingMessage.<anonymous> (/usr/share/yarn/lib/cli.js:141458:12)
      at Object.onceWrapper (events.js:313:30)
      at emitNone (events.js:111:20)

npm manifest: 
  {
    "name": "app-client",
    "version": "1.0.0",
    "description": "management portal",
    "main": "index.js",
    "license": "MIT"
  }

yarn manifest: 
  No manifest

Lockfile: 
  # THIS IS AN AUTOGENERATED FILE. DO NOT EDIT THIS FILE DIRECTLY.
  # yarn lockfile v1
